<?xml version="1.0" encoding="UTF-8"?>
<testng-results ignored="0" total="1" passed="1" failed="0" skipped="0">
  <reporter-output>
  </reporter-output>
  <suite started-at="2022-12-15T15:07:01 ART" name="Default suite" finished-at="2022-12-15T15:07:09 ART" duration-ms="7513">
    <groups>
    </groups>
    <test started-at="2022-12-15T15:07:01 ART" name="Default test" finished-at="2022-12-15T15:07:09 ART" duration-ms="7513">
      <class name="Tests.PetShop2">
        <test-method is-config="true" signature="before()[pri:0, instance:Tests.PetShop2@4ec4f3a0]" started-at="2022-12-15T15:07:01 ART" name="before" finished-at="2022-12-15T15:07:08 ART" duration-ms="6545" status="PASS">
          <reporter-output>
          </reporter-output>
        </test-method> <!-- before -->
        <test-method signature="C01_Google()[pri:0, instance:Tests.PetShop2@4ec4f3a0]" started-at="2022-12-15T15:07:08 ART" name="C01_Google" finished-at="2022-12-15T15:07:08 ART" duration-ms="517" status="PASS">
          <reporter-output>
          </reporter-output>
        </test-method> <!-- C01_Google -->
        <test-method is-config="true" signature="after()[pri:0, instance:Tests.PetShop2@4ec4f3a0]" started-at="2022-12-15T15:07:08 ART" name="after" finished-at="2022-12-15T15:07:09 ART" duration-ms="407" status="PASS">
          <reporter-output>
          </reporter-output>
        </test-method> <!-- after -->
      </class> <!-- Tests.PetShop2 -->
    </test> <!-- Default test -->
  </suite> <!-- Default suite -->
</testng-results>
